Installation started 2015-02-13 16:06:04
Attempting to connect to database adserver with user root
Connected to database adserver
Database settings and permissions are OK
creating upgrade_action audit table
successfully created upgrade_action audit table
creating database_action audit table
successfully created database_action audit table
schema definition from cache TRUE
Installation created the core tables
Installation updated the schema version to 619
Installation updated the application version to 3.1.0
Preparing to set timezone preference...
Found timezone preference ID of 16
Found the admin account's timezone association, updating preference...
Updated the admin account timezone preference to: 'Asia/Calcutta'
#! openXBannerTypes(): Could not be installed because previous installation (whole or partial) was found
Starting file-check for plugins...
Finished file-check for plugins
Starting file-check for plugins...
Finished file-check for plugins
Starting file-check for plugins...
Finished file-check for plugins
